2026-03-20 00:59:50,857 - INFO - Roostoo API logs initialized in: D:\商赛\SG vs HK\HacKerU-trading\bot\logs
2026-03-20 11:19:31,954 - INFO - Roostoo API logs initialized in: D:\商赛\SG vs HK\HacKerU-trading\bot\logs
2026-03-20 11:37:28,958 - INFO - Roostoo API logs initialized in: D:\商赛\SG vs HK\HacKerU-trading\bot\logs
2026-03-20 11:37:30,718 - INFO - executed: [GET] https://mock-api.roostoo.com/v3/serverTime
2026-03-20 11:37:32,309 - INFO - executed: [GET] https://mock-api.roostoo.com/v3/exchangeInfo
2026-03-20 11:37:33,416 - INFO - executed: [GET] https://mock-api.roostoo.com/v3/ticker
2026-03-20 11:37:34,553 - INFO - executed: [GET] https://mock-api.roostoo.com/v3/balance
2026-03-20 11:37:34,555 - INFO - demo execution
2026-03-20 11:37:35,711 - INFO - executed: [GET] https://mock-api.roostoo.com/v3/balance
2026-03-20 11:37:35,713 - INFO - balance: {'Success': True, 'ErrMsg': '', 'SpotWallet': {'BNB': {'Free': 0, 'Lock': 0}, 'USD': {'Free': 49994.76, 'Lock': 0}}, 'MarginWallet': {}}
2026-03-20 11:37:36,823 - INFO - executed: [GET] https://mock-api.roostoo.com/v3/ticker
2026-03-20 11:37:36,825 - INFO - BTC real time price: 70589.51
2026-03-20 11:59:17,539 - INFO - Roostoo API logs initialized in: D:\商赛\SG vs HK\HacKerU-trading\bot\logs
2026-03-20 12:06:56,954 - INFO - Roostoo API logs initialized in: D:\商赛\SG vs HK\HacKerU-trading\bot\logs
2026-03-20 12:25:28,935 - INFO - Roostoo API logs initialized in: D:\商赛\SG vs HK\HacKerU-trading\bot\logs
2026-03-20 12:26:30,314 - INFO - Roostoo API logs initialized in: D:\商赛\SG vs HK\HacKerU-trading\bot\logs
2026-03-20 12:27:25,226 - INFO - Roostoo API logs initialized in: D:\商赛\SG vs HK\HacKerU-trading\bot\logs
2026-03-20 12:28:20,024 - INFO - Roostoo API logs initialized in: D:\商赛\SG vs HK\HacKerU-trading\bot\logs
2026-03-20 12:29:23,232 - INFO - Roostoo API logs initialized in: D:\商赛\SG vs HK\HacKerU-trading\bot\logs
2026-03-20 12:30:34,070 - INFO - Roostoo API logs initialized in: D:\商赛\SG vs HK\HacKerU-trading\bot\logs
2026-03-20 12:31:24,657 - INFO - Roostoo API logs initialized in: D:\商赛\SG vs HK\HacKerU-trading\bot\logs
2026-03-20 12:32:36,822 - INFO - Roostoo API logs initialized in: D:\商赛\SG vs HK\HacKerU-trading\bot\logs
2026-03-20 12:33:38,874 - INFO - Roostoo API logs initialized in: D:\商赛\SG vs HK\HacKerU-trading\bot\logs
2026-03-20 12:34:36,888 - INFO - Roostoo API logs initialized in: D:\商赛\SG vs HK\HacKerU-trading\bot\logs
2026-03-20 12:35:31,402 - INFO - Roostoo API logs initialized in: D:\商赛\SG vs HK\HacKerU-trading\bot\logs
2026-03-20 12:48:33,809 - INFO - Roostoo API logs initialized in: D:\商赛\SG vs HK\HacKerU-trading\bot\logs
2026-03-20 13:02:11,378 - INFO - Roostoo API logs initialized in: D:\商赛\SG vs HK\HacKerU-trading\bot\logs
2026-03-20 13:04:05,619 - INFO - Roostoo API logs initialized in: D:\商赛\SG vs HK\HacKerU-trading\bot\logs
2026-03-20 13:06:04,545 - INFO - Roostoo API logs initialized in: D:\商赛\SG vs HK\HacKerU-trading\bot\logs
2026-03-20 13:07:56,984 - INFO - Roostoo API logs initialized in: D:\商赛\SG vs HK\HacKerU-trading\bot\logs
2026-03-20 13:09:42,801 - INFO - Roostoo API logs initialized in: D:\商赛\SG vs HK\HacKerU-trading\bot\logs
2026-03-20 13:11:32,648 - INFO - Roostoo API logs initialized in: D:\商赛\SG vs HK\HacKerU-trading\bot\logs
2026-03-20 13:13:27,225 - INFO - Roostoo API logs initialized in: D:\商赛\SG vs HK\HacKerU-trading\bot\logs
2026-03-20 13:15:12,192 - INFO - Roostoo API logs initialized in: D:\商赛\SG vs HK\HacKerU-trading\bot\logs
2026-03-20 14:51:18,535 - INFO - Roostoo API logs initialized in: D:\商赛\SG vs HK\HacKerU-trading\bot\logs
2026-03-20 14:53:08,831 - INFO - Roostoo API logs initialized in: D:\商赛\SG vs HK\HacKerU-trading\bot\logs
2026-03-20 15:39:13,499 - INFO - Roostoo API logs initialized in: D:\商赛\SG vs HK\HacKerU-trading\bot\logs
2026-03-20 16:06:03,819 - INFO - Roostoo API logs initialized in: D:\商赛\SG vs HK\HacKerU-trading\bot\logs
2026-03-20 16:24:29,777 - INFO - Roostoo API logs initialized in: D:\商赛\SG vs HK\HacKerU-trading\bot\logs
2026-03-20 16:40:51,946 - INFO - Roostoo API logs initialized in: D:\商赛\SG vs HK\HacKerU-trading\bot\logs
2026-03-20 17:05:52,881 - INFO - Roostoo API logs initialized in: D:\商赛\SG vs HK\HacKerU-trading\bot\logs
2026-03-20 17:21:06,462 - INFO - Roostoo API logs initialized in: D:\商赛\SG vs HK\HacKerU-trading\bot\logs
2026-03-20 17:47:52,348 - INFO - Roostoo API logs initialized in: D:\商赛\SG vs HK\HacKerU-trading\bot\logs
2026-03-20 18:10:35,828 - INFO - Roostoo API logs initialized in: D:\商赛\SG vs HK\HacKerU-trading\bot\logs
2026-03-20 18:11:28,059 - INFO - Roostoo API logs initialized in: D:\商赛\SG vs HK\HacKerU-trading\bot\logs
2026-03-20 18:40:07,269 - INFO - Roostoo API logs initialized in: D:\商赛\SG vs HK\HacKerU-trading\bot\logs
2026-03-20 18:40:34,183 - INFO - Roostoo API logs initialized in: D:\商赛\SG vs HK\HacKerU-trading\bot\logs
2026-03-20 19:00:21,890 - INFO - Roostoo API logs initialized in: D:\商赛\SG vs HK\HacKerU-trading\bot\logs
2026-03-20 19:42:13,408 - INFO - Roostoo API logs initialized in: D:\商赛\SG vs HK\HacKerU-trading\bot\logs
2026-03-20 19:50:36,018 - INFO - Roostoo API logs initialized in: D:\商赛\SG vs HK\HacKerU-trading\bot\logs
2026-03-20 20:10:01,302 - INFO - Roostoo API logs initialized in: D:\商赛\SG vs HK\HacKerU-trading\bot\logs
2026-03-20 20:43:05,831 - INFO - Roostoo API logs initialized in: D:\商赛\SG vs HK\HacKerU-trading\bot\logs
2026-03-20 21:06:37,007 - INFO - Roostoo API logs initialized in: D:\商赛\SG vs HK\HacKerU-trading\bot\logs
2026-03-20 21:30:17,618 - INFO - Roostoo API logs initialized in: D:\商赛\SG vs HK\HacKerU-trading\bot\logs
2026-03-20 21:39:15,743 - INFO - Roostoo API logs initialized in: D:\商赛\SG vs HK\HacKerU-trading\bot\logs
2026-03-20 21:40:41,294 - INFO - Roostoo API logs initialized in: D:\商赛\SG vs HK\HacKerU-trading\bot\logs
2026-03-20 21:51:12,912 - INFO - Roostoo API logs initialized in: D:\商赛\SG vs HK\HacKerU-trading\bot\logs
2026-03-20 21:56:37,862 - INFO - Roostoo API logs initialized in: D:\商赛\SG vs HK\HacKerU-trading\bot\logs
2026-03-20 21:59:43,918 - INFO - Roostoo API logs initialized in: D:\商赛\SG vs HK\HacKerU-trading\bot\logs
2026-03-20 22:12:59,577 - INFO - Roostoo API logs initialized in: D:\商赛\SG vs HK\HacKerU-trading\bot\logs
2026-03-20 22:29:28,119 - INFO - Roostoo API logs initialized in: D:\商赛\SG vs HK\HacKerU-trading\bot\logs
2026-03-20 22:39:23,607 - INFO - Roostoo API logs initialized in: D:\商赛\SG vs HK\HacKerU-trading\bot\logs
2026-03-20 22:57:07,652 - INFO - Roostoo API logs initialized in: D:\商赛\SG vs HK\HacKerU-trading\bot\logs
